0 info it worked if it ends with ok
1 verbose cli [ '/usr/bin/nodejs', '/usr/bin/npm', 'start' ]
2 info using npm@3.10.8
3 info using node@v7.0.0
4 verbose run-script [ 'prestart', 'start', 'poststart' ]
5 info lifecycle restrtfap@0.0.0~prestart: restrtfap@0.0.0
6 silly lifecycle restrtfap@0.0.0~prestart: no script for prestart, continuing
7 info lifecycle restrtfap@0.0.0~start: restrtfap@0.0.0
8 verbose lifecycle restrtfap@0.0.0~start: unsafe-perm in lifecycle true
9 verbose lifecycle restrtfap@0.0.0~start: PATH: /usr/lib/node_modules/npm/bin/node-gyp-bin:/u02/dev/dse_dev/RTFAP/RTFAP2/restRTFAP/node_modules/.bin:/usr/local/sbin:/usr/local/bin:/usr/sbin:/usr/bin:/sbin:/bin:/usr/games:/usr/local/games:/sbin:/usr/sbin:/home/dse/bin:/usr/java/latest/bin:/usr/java/jdk1.8.0_60/bin:/home/dse/dse/cassandra/scripts:/usr/share/dse/bin:/usr/share/ant/bin
10 verbose lifecycle restrtfap@0.0.0~start: CWD: /u02/dev/dse_dev/RTFAP/RTFAP2/restRTFAP
11 silly lifecycle restrtfap@0.0.0~start: Args: [ '-c', 'node ./bin/www' ]
12 silly lifecycle restrtfap@0.0.0~start: Returned: code: 1  signal: null
13 info lifecycle restrtfap@0.0.0~start: Failed to exec start script
14 verbose stack Error: restrtfap@0.0.0 start: `node ./bin/www`
14 verbose stack Exit status 1
14 verbose stack     at EventEmitter.<anonymous> (/usr/lib/node_modules/npm/lib/utils/lifecycle.js:255:16)
14 verbose stack     at emitTwo (events.js:106:13)
14 verbose stack     at EventEmitter.emit (events.js:191:7)
14 verbose stack     at ChildProcess.<anonymous> (/usr/lib/node_modules/npm/lib/utils/spawn.js:40:14)
14 verbose stack     at emitTwo (events.js:106:13)
14 verbose stack     at ChildProcess.emit (events.js:191:7)
14 verbose stack     at maybeClose (internal/child_process.js:877:16)
14 verbose stack     at Process.ChildProcess._handle.onexit (internal/child_process.js:226:5)
15 verbose pkgid restrtfap@0.0.0
16 verbose cwd /u02/dev/dse_dev/RTFAP/RTFAP2/restRTFAP
17 error Linux 3.13.0-65-generic
18 error argv "/usr/bin/nodejs" "/usr/bin/npm" "start"
19 error node v7.0.0
20 error npm  v3.10.8
21 error code ELIFECYCLE
22 error restrtfap@0.0.0 start: `node ./bin/www`
22 error Exit status 1
23 error Failed at the restrtfap@0.0.0 start script 'node ./bin/www'.
23 error Make sure you have the latest version of node.js and npm installed.
23 error If you do, this is most likely a problem with the restrtfap package,
23 error not with npm itself.
23 error Tell the author that this fails on your system:
23 error     node ./bin/www
23 error You can get information on how to open an issue for this project with:
23 error     npm bugs restrtfap
23 error Or if that isn't available, you can get their info via:
23 error     npm owner ls restrtfap
23 error There is likely additional logging output above.
24 verbose exit [ 1, true ]
